<?xml version="1.0" encoding="UTF-8"?>
<testsuite xmlns:xsi="http://www.w3.org/2001/XMLSchema-instance" xsi:noNamespaceSchemaLocation="https://maven.apache.org/surefire/maven-surefire-plugin/xsd/surefire-test-report-3.0.xsd" version="3.0" name="org.example.AppTest" time="0.011" tests="1" errors="0" skipped="0" failures="0">
  <properties>
    <property name="java.specification.version" value="20"/>
    <property name="sun.jnu.encoding" value="UTF-8"/>
    <property name="java.class.path" value="/Users/erwindarsono/Projects/websocket-server/target/test-classes:/Users/erwindarsono/Projects/websocket-server/target/classes:/Users/erwindarsono/.m2/repository/junit/junit/3.8.1/junit-3.8.1.jar:/Users/erwindarsono/.m2/repository/jakarta/websocket/jakarta.websocket-api/2.2.0/jakarta.websocket-api-2.2.0.jar:/Users/erwindarsono/.m2/repository/org/apache/tomcat/embed/tomcat-embed-websocket/10.1.19/tomcat-embed-websocket-10.1.19.jar:/Users/erwindarsono/.m2/repository/org/apache/tomcat/embed/tomcat-embed-core/10.1.19/tomcat-embed-core-10.1.19.jar:/Users/erwindarsono/.m2/repository/org/apache/tomcat/tomcat-annotations-api/10.1.19/tomcat-annotations-api-10.1.19.jar:/Users/erwindarsono/.m2/repository/org/glassfish/tyrus/tyrus-server/2.2.0/tyrus-server-2.2.0.jar:/Users/erwindarsono/.m2/repository/jakarta/xml/bind/jakarta.xml.bind-api/4.0.2/jakarta.xml.bind-api-4.0.2.jar:/Users/erwindarsono/.m2/repository/jakarta/activation/jakarta.activation-api/2.1.3/jakarta.activation-api-2.1.3.jar:/Users/erwindarsono/.m2/repository/org/glassfish/tyrus/tyrus-client/2.2.0/tyrus-client-2.2.0.jar:/Users/erwindarsono/.m2/repository/org/glassfish/tyrus/tyrus-core/2.2.0/tyrus-core-2.2.0.jar:/Users/erwindarsono/.m2/repository/org/glassfish/tyrus/tyrus-spi/2.2.0/tyrus-spi-2.2.0.jar:/Users/erwindarsono/.m2/repository/jakarta/websocket/jakarta.websocket-client-api/2.2.0/jakarta.websocket-client-api-2.2.0.jar:/Users/erwindarsono/.m2/repository/org/glassfish/tyrus/tyrus-container-grizzly-client/2.2.0/tyrus-container-grizzly-client-2.2.0.jar:/Users/erwindarsono/.m2/repository/org/glassfish/tyrus/tyrus-container-grizzly-server/2.2.0/tyrus-container-grizzly-server-2.2.0.jar:/Users/erwindarsono/.m2/repository/org/glassfish/grizzly/grizzly-framework/4.0.2/grizzly-framework-4.0.2.jar:/Users/erwindarsono/.m2/repository/org/glassfish/grizzly/grizzly-http-server/4.0.2/grizzly-http-server-4.0.2.jar:/Users/erwindarsono/.m2/repository/org/glassfish/grizzly/grizzly-http/4.0.2/grizzly-http-4.0.2.jar:"/>
    <property name="java.vm.vendor" value="Oracle Corporation"/>
    <property name="sun.arch.data.model" value="64"/>
    <property name="java.vendor.url" value="https://java.oracle.com/"/>
    <property name="os.name" value="Mac OS X"/>
    <property name="java.vm.specification.version" value="20"/>
    <property name="sun.java.launcher" value="SUN_STANDARD"/>
    <property name="user.country" value="ID"/>
    <property name="sun.boot.library.path" value="/Library/Java/JavaVirtualMachines/jdk-20.jdk/Contents/Home/lib"/>
    <property name="sun.java.command" value="/Users/erwindarsono/Projects/websocket-server/target/surefire/surefirebooter-20241006185910637_3.jar /Users/erwindarsono/Projects/websocket-server/target/surefire 2024-10-06T18-59-10_602-jvmRun1 surefire-20241006185910637_1tmp surefire_0-20241006185910637_2tmp"/>
    <property name="http.nonProxyHosts" value="local|*.local|169.254/16|*.169.254/16"/>
    <property name="jdk.debug" value="release"/>
    <property name="surefire.test.class.path" value="/Users/erwindarsono/Projects/websocket-server/target/test-classes:/Users/erwindarsono/Projects/websocket-server/target/classes:/Users/erwindarsono/.m2/repository/junit/junit/3.8.1/junit-3.8.1.jar:/Users/erwindarsono/.m2/repository/jakarta/websocket/jakarta.websocket-api/2.2.0/jakarta.websocket-api-2.2.0.jar:/Users/erwindarsono/.m2/repository/org/apache/tomcat/embed/tomcat-embed-websocket/10.1.19/tomcat-embed-websocket-10.1.19.jar:/Users/erwindarsono/.m2/repository/org/apache/tomcat/embed/tomcat-embed-core/10.1.19/tomcat-embed-core-10.1.19.jar:/Users/erwindarsono/.m2/repository/org/apache/tomcat/tomcat-annotations-api/10.1.19/tomcat-annotations-api-10.1.19.jar:/Users/erwindarsono/.m2/repository/org/glassfish/tyrus/tyrus-server/2.2.0/tyrus-server-2.2.0.jar:/Users/erwindarsono/.m2/repository/jakarta/xml/bind/jakarta.xml.bind-api/4.0.2/jakarta.xml.bind-api-4.0.2.jar:/Users/erwindarsono/.m2/repository/jakarta/activation/jakarta.activation-api/2.1.3/jakarta.activation-api-2.1.3.jar:/Users/erwindarsono/.m2/repository/org/glassfish/tyrus/tyrus-client/2.2.0/tyrus-client-2.2.0.jar:/Users/erwindarsono/.m2/repository/org/glassfish/tyrus/tyrus-core/2.2.0/tyrus-core-2.2.0.jar:/Users/erwindarsono/.m2/repository/org/glassfish/tyrus/tyrus-spi/2.2.0/tyrus-spi-2.2.0.jar:/Users/erwindarsono/.m2/repository/jakarta/websocket/jakarta.websocket-client-api/2.2.0/jakarta.websocket-client-api-2.2.0.jar:/Users/erwindarsono/.m2/repository/org/glassfish/tyrus/tyrus-container-grizzly-client/2.2.0/tyrus-container-grizzly-client-2.2.0.jar:/Users/erwindarsono/.m2/repository/org/glassfish/tyrus/tyrus-container-grizzly-server/2.2.0/tyrus-container-grizzly-server-2.2.0.jar:/Users/erwindarsono/.m2/repository/org/glassfish/grizzly/grizzly-framework/4.0.2/grizzly-framework-4.0.2.jar:/Users/erwindarsono/.m2/repository/org/glassfish/grizzly/grizzly-http-server/4.0.2/grizzly-http-server-4.0.2.jar:/Users/erwindarsono/.m2/repository/org/glassfish/grizzly/grizzly-http/4.0.2/grizzly-http-4.0.2.jar:"/>
    <property name="sun.cpu.endian" value="little"/>
    <property name="user.home" value="/Users/erwindarsono"/>
    <property name="user.language" value="en"/>
    <property name="java.specification.vendor" value="Oracle Corporation"/>
    <property name="java.version.date" value="2023-07-18"/>
    <property name="java.home" value="/Library/Java/JavaVirtualMachines/jdk-20.jdk/Contents/Home"/>
    <property name="file.separator" value="/"/>
    <property name="basedir" value="/Users/erwindarsono/Projects/websocket-server"/>
    <property name="java.vm.compressedOopsMode" value="Zero based"/>
    <property name="line.separator" value="&#10;"/>
    <property name="java.vm.specification.vendor" value="Oracle Corporation"/>
    <property name="java.specification.name" value="Java Platform API Specification"/>
    <property name="apple.awt.application.name" value="ForkedBooter"/>
    <property name="surefire.real.class.path" value="/Users/erwindarsono/Projects/websocket-server/target/surefire/surefirebooter-20241006185910637_3.jar"/>
    <property name="sun.management.compiler" value="HotSpot 64-Bit Tiered Compilers"/>
    <property name="ftp.nonProxyHosts" value="local|*.local|169.254/16|*.169.254/16"/>
    <property name="java.runtime.version" value="20.0.2+9-78"/>
    <property name="user.name" value="erwindarsono"/>
    <property name="stdout.encoding" value="UTF-8"/>
    <property name="path.separator" value=":"/>
    <property name="os.version" value="15.0"/>
    <property name="java.runtime.name" value="Java(TM) SE Runtime Environment"/>
    <property name="file.encoding" value="UTF-8"/>
    <property name="java.vm.name" value="Java HotSpot(TM) 64-Bit Server VM"/>
    <property name="localRepository" value="/Users/erwindarsono/.m2/repository"/>
    <property name="java.vendor.url.bug" value="https://bugreport.java.com/bugreport/"/>
    <property name="java.io.tmpdir" value="/var/folders/kb/jdh54nnn60v08f99v22dkpkc0000gn/T/"/>
    <property name="java.version" value="20.0.2"/>
    <property name="user.dir" value="/Users/erwindarsono/Projects/websocket-server"/>
    <property name="os.arch" value="aarch64"/>
    <property name="java.vm.specification.name" value="Java Virtual Machine Specification"/>
    <property name="native.encoding" value="UTF-8"/>
    <property name="java.library.path" value="/Users/erwindarsono/Library/Java/Extensions:/Library/Java/Extensions:/Network/Library/Java/Extensions:/System/Library/Java/Extensions:/usr/lib/java:."/>
    <property name="java.vm.info" value="mixed mode, sharing"/>
    <property name="stderr.encoding" value="UTF-8"/>
    <property name="java.vendor" value="Oracle Corporation"/>
    <property name="java.vm.version" value="20.0.2+9-78"/>
    <property name="sun.io.unicode.encoding" value="UnicodeBig"/>
    <property name="socksNonProxyHosts" value="local|*.local|169.254/16|*.169.254/16"/>
    <property name="java.class.version" value="64.0"/>
  </properties>
  <testcase name="testApp" classname="org.example.AppTest" time="0.001"/>
</testsuite>